<?xml version="1.0" encoding="UTF-8" standalone="no"?>
<testsuite failures="0" name="cucumber.runtime.formatter.JUnitFormatter" skipped="0" tests="1" time="7.03819">
    <testcase classname="SauceDemo login feature" name="Login with valid credentials" time="7.03819">
        <system-out>
            <![CDATA[Given User is on login page.................................................passed
When User enters valid username.............................................passed
When User enters valid password.............................................passed
And User clicks on login button.............................................passed
Then User closes the browser................................................passed
]]>
        </system-out>
    </testcase>
</testsuite>
