<?xml version="1.0" encoding="UTF-8"?>
<testng-results ignored="0" total="1" passed="1" failed="0" skipped="0">
  <reporter-output>
  </reporter-output>
  <suite started-at="2021-11-29T11:29:06Z" name="Default suite" finished-at="2021-11-29T11:29:23Z" duration-ms="16828">
    <groups>
    </groups>
    <test started-at="2021-11-29T11:29:06Z" name="Default test" finished-at="2021-11-29T11:29:23Z" duration-ms="16828">
      <class name="com.selenium.tests.Select4thOptionFromGoogleSearchSuggestions">
        <test-method is-config="true" signature="init()[pri:0, instance:com.selenium.tests.Select4thOptionFromGoogleSearchSuggestions@544fa968]" started-at="2021-11-29T11:29:06Z" name="init" finished-at="2021-11-29T11:29:16Z" duration-ms="9570" status="PASS">
          <reporter-output>
          </reporter-output>
        </test-method> <!-- init -->
        <test-method signature="select4thOptionFromGoogleSearchSuggestions()[pri:0, instance:com.selenium.tests.Select4thOptionFromGoogleSearchSuggestions@544fa968]" started-at="2021-11-29T11:29:16Z" name="select4thOptionFromGoogleSearchSuggestions" finished-at="2021-11-29T11:29:22Z" duration-ms="6540" status="PASS">
          <reporter-output>
          </reporter-output>
        </test-method> <!-- select4thOptionFromGoogleSearchSuggestions -->
        <test-method is-config="true" signature="closeBrowser()[pri:0, instance:com.selenium.tests.Select4thOptionFromGoogleSearchSuggestions@544fa968]" started-at="2021-11-29T11:29:22Z" name="closeBrowser" finished-at="2021-11-29T11:29:23Z" duration-ms="694" status="PASS">
          <reporter-output>
          </reporter-output>
        </test-method> <!-- closeBrowser -->
      </class> <!-- com.selenium.tests.Select4thOptionFromGoogleSearchSuggestions -->
    </test> <!-- Default test -->
  </suite> <!-- Default suite -->
</testng-results>
