<?xml version="1.0" encoding="UTF-8"?>
<testng-results ignored="0" total="1" passed="1" failed="0" skipped="0">
  <reporter-output>
  </reporter-output>
  <suite started-at="2021-12-03T09:11:16Z" name="Default suite" finished-at="2021-12-03T09:11:23Z" duration-ms="7170">
    <groups>
    </groups>
    <test started-at="2021-12-03T09:11:16Z" name="Default test" finished-at="2021-12-03T09:11:23Z" duration-ms="7170">
      <class name="com.alti.tests.LoginTest">
        <test-method is-config="true" signature="setup()[pri:0, instance:com.alti.tests.LoginTest@291caca8]" started-at="2021-12-03T09:11:16Z" name="setup" finished-at="2021-12-03T09:11:20Z" duration-ms="3744" status="PASS">
          <reporter-output>
          </reporter-output>
        </test-method> <!-- setup -->
        <test-method signature="checkLogin()[pri:0, instance:com.alti.tests.LoginTest@291caca8]" started-at="2021-12-03T09:11:20Z" name="checkLogin" finished-at="2021-12-03T09:11:23Z" duration-ms="2665" status="PASS">
          <reporter-output>
          </reporter-output>
        </test-method> <!-- checkLogin -->
        <test-method is-config="true" signature="teardown()[pri:0, instance:com.alti.tests.LoginTest@291caca8]" started-at="2021-12-03T09:11:23Z" name="teardown" finished-at="2021-12-03T09:11:23Z" duration-ms="705" status="PASS">
          <reporter-output>
          </reporter-output>
        </test-method> <!-- teardown -->
      </class> <!-- com.alti.tests.LoginTest -->
    </test> <!-- Default test -->
  </suite> <!-- Default suite -->
</testng-results>
